2026-07-15T07:50:18+07:00 model unhealthy; fallback mode already enabled
2026-07-15T08:00:20+07:00 model unhealthy; fallback mode already enabled
2026-07-15T08:04:08+07:00 model unhealthy; fallback mode already enabled
2026-07-15T08:05:48+07:00 model healthy; disabled FAST_SALES_REPLY_ENABLED and restarted hermes-hmbm-messenger-bot.service
2026-07-15T08:15:50+07:00 model healthy; AI mode already enabled
2026-07-15T08:25:51+07:00 model healthy; AI mode already enabled
2026-07-15T08:35:50+07:00 model healthy; AI mode already enabled
2026-07-15T08:45:51+07:00 model healthy; AI mode already enabled
2026-07-15T08:55:50+07:00 model healthy; AI mode already enabled
2026-07-15T09:05:51+07:00 model healthy; AI mode already enabled
2026-07-15T09:15:53+07:00 model healthy; AI mode already enabled
2026-07-15T09:25:57+07:00 model healthy; AI mode already enabled
2026-07-15T09:36:06+07:00 model healthy; AI mode already enabled
2026-07-15T09:46:04+07:00 model healthy; AI mode already enabled
2026-07-15T09:56:04+07:00 model healthy; AI mode already enabled
2026-07-15T10:06:03+07:00 model healthy; AI mode already enabled
2026-07-15T10:16:07+07:00 model healthy; AI mode already enabled
2026-07-15T10:26:00+07:00 model healthy; AI mode already enabled
2026-07-15T10:36:16+07:00 model healthy; AI mode already enabled
2026-07-15T10:46:12+07:00 model healthy; AI mode already enabled
2026-07-15T10:56:16+07:00 model healthy; AI mode already enabled
2026-07-15T11:06:16+07:00 model healthy; AI mode already enabled
2026-07-15T11:16:17+07:00 model healthy; AI mode already enabled
2026-07-15T11:26:21+07:00 model healthy; AI mode already enabled
2026-07-15T11:36:22+07:00 model healthy; AI mode already enabled
2026-07-15T11:46:24+07:00 model healthy; AI mode already enabled
2026-07-15T11:56:29+07:00 model healthy; AI mode already enabled
2026-07-15T12:06:40+07:00 model healthy; AI mode already enabled
2026-07-15T12:16:28+07:00 model healthy; AI mode already enabled
2026-07-15T12:26:29+07:00 model healthy; AI mode already enabled
2026-07-15T12:36:35+07:00 model healthy; AI mode already enabled
2026-07-15T12:46:40+07:00 model healthy; AI mode already enabled
2026-07-15T12:56:41+07:00 model healthy; AI mode already enabled
2026-07-15T13:06:47+07:00 model healthy; AI mode already enabled
2026-07-15T13:16:53+07:00 model healthy; AI mode already enabled
2026-07-15T13:26:59+07:00 model healthy; AI mode already enabled
2026-07-15T13:36:51+07:00 model healthy; AI mode already enabled
2026-07-15T13:47:01+07:00 model healthy; AI mode already enabled
2026-07-15T13:56:55+07:00 model healthy; AI mode already enabled
2026-07-15T14:06:56+07:00 model healthy; AI mode already enabled
2026-07-15T14:16:59+07:00 model healthy; AI mode already enabled
2026-07-15T14:27:01+07:00 model healthy; AI mode already enabled
2026-07-15T14:37:21+07:00 model unhealthy; enabled FAST_SALES_REPLY_ENABLED and restarted hermes-hmbm-messenger-bot.service
2026-07-15T14:47:21+07:00 model unhealthy; fallback mode already enabled
2026-07-15T14:57:04+07:00 model healthy; disabled FAST_SALES_REPLY_ENABLED and restarted hermes-hmbm-messenger-bot.service
2026-07-15T15:07:09+07:00 model healthy; AI mode already enabled
2026-07-15T15:17:10+07:00 model healthy; AI mode already enabled
2026-07-15T15:27:09+07:00 model healthy; AI mode already enabled
2026-07-15T15:37:06+07:00 model healthy; AI mode already enabled
2026-07-15T15:47:09+07:00 model healthy; AI mode already enabled
2026-07-15T15:57:12+07:00 model healthy; AI mode already enabled
2026-07-15T16:07:12+07:00 model healthy; AI mode already enabled
2026-07-15T16:17:19+07:00 model healthy; AI mode already enabled
2026-07-15T16:27:11+07:00 model healthy; AI mode already enabled
2026-07-15T16:37:10+07:00 model healthy; AI mode already enabled
2026-07-15T16:47:14+07:00 model healthy; AI mode already enabled
2026-07-15T16:57:18+07:00 model healthy; AI mode already enabled
2026-07-15T17:07:14+07:00 model healthy; AI mode already enabled
2026-07-15T17:17:36+07:00 model unhealthy; enabled FAST_SALES_REPLY_ENABLED and restarted hermes-hmbm-messenger-bot.service
2026-07-15T17:27:19+07:00 model healthy; disabled FAST_SALES_REPLY_ENABLED and restarted hermes-hmbm-messenger-bot.service
2026-07-15T17:37:20+07:00 model healthy; AI mode already enabled
2026-07-15T17:47:44+07:00 model healthy; AI mode already enabled
2026-07-15T17:57:23+07:00 model healthy; AI mode already enabled
2026-07-15T18:07:28+07:00 model healthy; AI mode already enabled
2026-07-15T18:17:36+07:00 model healthy; AI mode already enabled
2026-07-15T18:27:29+07:00 model healthy; AI mode already enabled
2026-07-15T18:37:31+07:00 model healthy; AI mode already enabled
2026-07-15T18:47:37+07:00 model healthy; AI mode already enabled
2026-07-15T18:57:35+07:00 model healthy; AI mode already enabled
2026-07-15T19:07:39+07:00 model healthy; AI mode already enabled
2026-07-15T19:17:54+07:00 model healthy; AI mode already enabled
2026-07-15T19:27:43+07:00 model healthy; AI mode already enabled
2026-07-15T19:37:46+07:00 model healthy; AI mode already enabled
2026-07-15T19:47:44+07:00 model healthy; AI mode already enabled
2026-07-15T19:57:45+07:00 model healthy; AI mode already enabled
2026-07-15T20:07:46+07:00 model healthy; AI mode already enabled
2026-07-15T20:17:54+07:00 model healthy; AI mode already enabled
2026-07-15T20:27:53+07:00 model healthy; AI mode already enabled
2026-07-15T20:37:50+07:00 model healthy; AI mode already enabled
2026-07-15T20:48:04+07:00 model healthy; AI mode already enabled
2026-07-15T20:57:55+07:00 model healthy; AI mode already enabled
2026-07-15T21:07:53+07:00 model healthy; AI mode already enabled
2026-07-15T21:17:58+07:00 model healthy; AI mode already enabled
2026-07-15T21:27:54+07:00 model healthy; AI mode already enabled
2026-07-15T21:37:54+07:00 model healthy; disabled FAST_SALES_REPLY_ENABLED and restarted hermes-hmbm-messenger-bot.service
2026-07-15T21:47:54+07:00 model healthy; AI mode already enabled
2026-07-15T21:57:57+07:00 model healthy; AI mode already enabled
2026-07-15T22:07:54+07:00 model healthy; disabled FAST_SALES_REPLY_ENABLED and restarted hermes-hmbm-messenger-bot.service
2026-07-15T22:18:00+07:00 model healthy; AI mode already enabled
2026-07-15T22:27:57+07:00 model healthy; AI mode already enabled
2026-07-15T22:37:59+07:00 model healthy; AI mode already enabled
2026-07-15T22:48:02+07:00 model healthy; AI mode already enabled
2026-07-15T22:58:03+07:00 model healthy; AI mode already enabled
2026-07-15T23:08:04+07:00 model healthy; AI mode already enabled
2026-07-15T23:18:13+07:00 model healthy; AI mode already enabled
2026-07-15T23:28:30+07:00 model healthy; AI mode already enabled
2026-07-15T23:38:09+07:00 model healthy; AI mode already enabled
2026-07-15T23:48:12+07:00 model healthy; AI mode already enabled
2026-07-15T23:58:13+07:00 model healthy; AI mode already enabled
2026-07-16T00:08:15+07:00 model healthy; AI mode already enabled
2026-07-16T00:18:23+07:00 model healthy; AI mode already enabled
2026-07-16T00:28:20+07:00 model healthy; AI mode already enabled
2026-07-16T00:38:19+07:00 model healthy; AI mode already enabled
2026-07-16T00:48:21+07:00 model healthy; AI mode already enabled
2026-07-16T00:58:20+07:00 model healthy; AI mode already enabled
2026-07-16T01:08:24+07:00 model healthy; AI mode already enabled
2026-07-16T01:18:30+07:00 model healthy; AI mode already enabled
2026-07-16T01:28:30+07:00 model healthy; AI mode already enabled
2026-07-16T01:38:30+07:00 model healthy; AI mode already enabled
2026-07-16T01:48:31+07:00 model healthy; AI mode already enabled
2026-07-16T01:58:34+07:00 model healthy; AI mode already enabled
2026-07-16T02:08:37+07:00 model healthy; AI mode already enabled
2026-07-16T02:18:48+07:00 model healthy; AI mode already enabled
2026-07-16T02:28:45+07:00 model healthy; AI mode already enabled
2026-07-16T02:38:49+07:00 model healthy; AI mode already enabled
2026-07-16T02:48:53+07:00 model healthy; AI mode already enabled
2026-07-16T02:58:56+07:00 model healthy; AI mode already enabled
2026-07-16T03:08:56+07:00 model healthy; AI mode already enabled
2026-07-16T03:19:00+07:00 model healthy; AI mode already enabled
2026-07-16T03:29:01+07:00 model healthy; AI mode already enabled
2026-07-16T03:39:04+07:00 model healthy; AI mode already enabled
2026-07-16T03:49:04+07:00 model healthy; AI mode already enabled
2026-07-16T03:59:07+07:00 model healthy; AI mode already enabled
2026-07-16T04:09:14+07:00 model healthy; AI mode already enabled
2026-07-16T04:19:25+07:00 model healthy; AI mode already enabled
2026-07-16T04:29:15+07:00 model healthy; AI mode already enabled
2026-07-16T04:39:14+07:00 model healthy; AI mode already enabled
2026-07-16T04:49:15+07:00 model healthy; AI mode already enabled
2026-07-16T04:59:17+07:00 model healthy; AI mode already enabled
2026-07-16T05:09:19+07:00 model healthy; AI mode already enabled
2026-07-16T05:19:29+07:00 model healthy; AI mode already enabled
2026-07-16T05:29:25+07:00 model healthy; AI mode already enabled
2026-07-16T05:39:38+07:00 model healthy; AI mode already enabled
2026-07-16T05:49:35+07:00 model healthy; AI mode already enabled
2026-07-16T05:59:38+07:00 model healthy; AI mode already enabled
2026-07-16T06:09:44+07:00 model healthy; AI mode already enabled
2026-07-16T06:19:51+07:00 model healthy; AI mode already enabled
2026-07-16T06:29:54+07:00 model healthy; AI mode already enabled
2026-07-16T06:39:57+07:00 model healthy; AI mode already enabled
2026-07-16T06:49:57+07:00 model healthy; AI mode already enabled
2026-07-16T06:59:58+07:00 model healthy; AI mode already enabled
2026-07-16T07:10:03+07:00 model healthy; AI mode already enabled
2026-07-16T07:20:12+07:00 model healthy; AI mode already enabled
2026-07-16T07:30:10+07:00 model healthy; AI mode already enabled
2026-07-16T07:40:14+07:00 model healthy; AI mode already enabled
2026-07-16T07:50:16+07:00 model healthy; AI mode already enabled
2026-07-16T08:00:22+07:00 model healthy; AI mode already enabled
2026-07-16T08:10:16+07:00 model healthy; AI mode already enabled
2026-07-16T08:20:31+07:00 model healthy; AI mode already enabled
2026-07-16T08:30:27+07:00 model healthy; AI mode already enabled
2026-07-16T08:40:27+07:00 model healthy; AI mode already enabled
2026-07-16T08:50:32+07:00 model healthy; AI mode already enabled
2026-07-16T09:00:34+07:00 model healthy; AI mode already enabled
2026-07-16T09:10:33+07:00 model healthy; AI mode already enabled
2026-07-16T09:20:33+07:00 model healthy; AI mode already enabled
2026-07-16T09:30:35+07:00 model healthy; AI mode already enabled
2026-07-16T09:40:38+07:00 model healthy; AI mode already enabled
2026-07-16T09:50:42+07:00 model healthy; AI mode already enabled
2026-07-16T10:00:45+07:00 model healthy; AI mode already enabled
2026-07-16T10:10:42+07:00 model healthy; AI mode already enabled
2026-07-16T10:20:47+07:00 model healthy; AI mode already enabled
2026-07-16T10:30:47+07:00 model healthy; AI mode already enabled
2026-07-16T10:40:48+07:00 model healthy; AI mode already enabled
2026-07-16T10:50:51+07:00 model healthy; AI mode already enabled
2026-07-16T11:00:55+07:00 model healthy; AI mode already enabled
2026-07-16T11:10:55+07:00 model healthy; AI mode already enabled
2026-07-16T11:21:17+07:00 model healthy; AI mode already enabled
2026-07-16T11:30:57+07:00 model healthy; AI mode already enabled
2026-07-16T11:40:56+07:00 model healthy; AI mode already enabled
2026-07-16T11:50:57+07:00 model healthy; AI mode already enabled
2026-07-16T12:00:56+07:00 model healthy; AI mode already enabled
2026-07-16T12:10:57+07:00 model healthy; AI mode already enabled
2026-07-16T12:21:02+07:00 model healthy; AI mode already enabled
2026-07-16T12:30:57+07:00 model healthy; AI mode already enabled
2026-07-16T12:41:08+07:00 model healthy; AI mode already enabled
2026-07-16T12:50:57+07:00 model healthy; AI mode already enabled
2026-07-16T13:00:57+07:00 model healthy; AI mode already enabled
2026-07-16T13:10:58+07:00 model healthy; AI mode already enabled
2026-07-16T13:21:01+07:00 model healthy; AI mode already enabled
2026-07-16T13:30:58+07:00 model healthy; AI mode already enabled
2026-07-16T13:40:58+07:00 model healthy; AI mode already enabled
2026-07-16T13:51:02+07:00 model healthy; AI mode already enabled
2026-07-16T14:01:06+07:00 model healthy; AI mode already enabled
2026-07-16T14:11:09+07:00 model healthy; AI mode already enabled
2026-07-16T14:21:14+07:00 model healthy; AI mode already enabled
2026-07-16T14:31:15+07:00 model healthy; AI mode already enabled
2026-07-16T14:41:14+07:00 model healthy; AI mode already enabled
2026-07-16T14:51:15+07:00 model healthy; AI mode already enabled
2026-07-16T15:01:17+07:00 model healthy; AI mode already enabled
2026-07-16T15:11:18+07:00 model healthy; AI mode already enabled
2026-07-16T15:21:25+07:00 model healthy; AI mode already enabled
2026-07-16T15:31:20+07:00 model healthy; AI mode already enabled
2026-07-16T15:41:35+07:00 model healthy; AI mode already enabled
2026-07-16T15:51:24+07:00 model healthy; AI mode already enabled
2026-07-16T16:01:25+07:00 model healthy; AI mode already enabled
2026-07-16T16:11:23+07:00 model healthy; AI mode already enabled
2026-07-16T16:21:30+07:00 model healthy; AI mode already enabled
2026-07-16T16:31:28+07:00 model healthy; AI mode already enabled
2026-07-16T16:41:33+07:00 model healthy; AI mode already enabled
2026-07-16T16:51:34+07:00 model healthy; AI mode already enabled
2026-07-16T17:01:35+07:00 model healthy; AI mode already enabled
2026-07-16T17:11:37+07:00 model healthy; AI mode already enabled
2026-07-16T17:21:47+07:00 model healthy; AI mode already enabled
2026-07-16T17:31:45+07:00 model healthy; AI mode already enabled
2026-07-16T17:41:45+07:00 model healthy; AI mode already enabled
2026-07-16T17:51:49+07:00 model healthy; AI mode already enabled
2026-07-16T18:01:54+07:00 model healthy; AI mode already enabled
2026-07-16T18:11:54+07:00 model healthy; AI mode already enabled
2026-07-16T18:22:00+07:00 model healthy; AI mode already enabled
2026-07-16T18:31:56+07:00 model healthy; AI mode already enabled
2026-07-16T18:41:57+07:00 model healthy; AI mode already enabled
2026-07-16T18:51:56+07:00 model healthy; AI mode already enabled
2026-07-16T19:01:59+07:00 model healthy; AI mode already enabled
2026-07-16T19:12:04+07:00 model healthy; AI mode already enabled
2026-07-16T19:22:06+07:00 model healthy; AI mode already enabled
2026-07-16T19:32:08+07:00 model healthy; AI mode already enabled
2026-07-16T19:42:09+07:00 model healthy; AI mode already enabled
2026-07-16T19:52:23+07:00 model healthy; AI mode already enabled
2026-07-16T20:02:12+07:00 model healthy; AI mode already enabled
2026-07-16T20:12:15+07:00 model healthy; AI mode already enabled
2026-07-16T20:22:16+07:00 model healthy; AI mode already enabled
2026-07-16T20:32:24+07:00 model healthy; AI mode already enabled
2026-07-16T20:42:25+07:00 model healthy; AI mode already enabled
2026-07-16T20:52:25+07:00 model healthy; AI mode already enabled
2026-07-16T21:02:41+07:00 model healthy; AI mode already enabled
2026-07-16T21:12:52+07:00 model healthy; AI mode already enabled
2026-07-16T21:22:37+07:00 model healthy; AI mode already enabled
2026-07-16T21:32:38+07:00 model healthy; AI mode already enabled
2026-07-16T21:42:41+07:00 model healthy; AI mode already enabled
2026-07-16T21:52:46+07:00 model healthy; AI mode already enabled
2026-07-16T22:03:03+07:00 model healthy; AI mode already enabled
2026-07-16T22:12:55+07:00 model healthy; AI mode already enabled
2026-07-16T22:22:57+07:00 model healthy; AI mode already enabled
2026-07-16T22:32:57+07:00 model healthy; AI mode already enabled
2026-07-16T22:43:12+07:00 model healthy; AI mode already enabled
2026-07-16T22:53:03+07:00 model healthy; AI mode already enabled
2026-07-16T23:03:06+07:00 model healthy; AI mode already enabled
2026-07-16T23:13:11+07:00 model healthy; AI mode already enabled
2026-07-16T23:23:17+07:00 model healthy; AI mode already enabled
2026-07-16T23:33:12+07:00 model healthy; AI mode already enabled
2026-07-16T23:43:11+07:00 model healthy; AI mode already enabled
2026-07-16T23:53:29+07:00 model healthy; AI mode already enabled
2026-07-17T00:03:20+07:00 model healthy; AI mode already enabled
2026-07-17T00:13:23+07:00 model healthy; AI mode already enabled
2026-07-17T00:23:29+07:00 model healthy; AI mode already enabled
2026-07-17T00:33:27+07:00 model healthy; AI mode already enabled
2026-07-17T00:43:28+07:00 model healthy; AI mode already enabled
2026-07-17T00:53:29+07:00 model healthy; AI mode already enabled
2026-07-17T01:03:34+07:00 model healthy; AI mode already enabled
2026-07-17T01:13:39+07:00 model healthy; AI mode already enabled
2026-07-17T01:23:43+07:00 model healthy; AI mode already enabled
2026-07-17T01:33:41+07:00 model healthy; AI mode already enabled
2026-07-17T01:43:43+07:00 model healthy; AI mode already enabled
2026-07-17T01:53:44+07:00 model healthy; AI mode already enabled
2026-07-17T02:03:46+07:00 model healthy; AI mode already enabled
2026-07-17T02:13:46+07:00 model healthy; AI mode already enabled
2026-07-17T02:23:55+07:00 model healthy; AI mode already enabled
2026-07-17T02:33:54+07:00 model healthy; AI mode already enabled
2026-07-17T02:43:53+07:00 model healthy; AI mode already enabled
2026-07-17T02:53:57+07:00 model healthy; AI mode already enabled
2026-07-17T03:03:59+07:00 model healthy; AI mode already enabled
2026-07-17T03:13:59+07:00 model healthy; AI mode already enabled
2026-07-17T03:24:07+07:00 model healthy; AI mode already enabled
2026-07-17T03:34:09+07:00 model healthy; AI mode already enabled
2026-07-17T03:44:12+07:00 model healthy; AI mode already enabled
2026-07-17T03:54:11+07:00 model healthy; AI mode already enabled
2026-07-17T04:04:15+07:00 model healthy; AI mode already enabled
2026-07-17T04:14:15+07:00 model healthy; AI mode already enabled
2026-07-17T04:24:25+07:00 model healthy; AI mode already enabled
2026-07-17T04:34:20+07:00 model healthy; AI mode already enabled
2026-07-17T04:44:21+07:00 model healthy; AI mode already enabled
2026-07-17T04:54:25+07:00 model healthy; AI mode already enabled
2026-07-17T05:04:29+07:00 model healthy; AI mode already enabled
2026-07-17T05:14:29+07:00 model healthy; AI mode already enabled
2026-07-17T05:24:35+07:00 model healthy; AI mode already enabled
2026-07-17T05:34:30+07:00 model healthy; AI mode already enabled
2026-07-17T05:44:30+07:00 model healthy; AI mode already enabled
2026-07-17T05:54:31+07:00 model healthy; AI mode already enabled
2026-07-17T06:04:31+07:00 model healthy; AI mode already enabled
2026-07-17T06:14:35+07:00 model healthy; AI mode already enabled
2026-07-17T06:24:43+07:00 model healthy; AI mode already enabled
2026-07-17T06:34:44+07:00 model healthy; AI mode already enabled
2026-07-17T06:44:46+07:00 model healthy; AI mode already enabled
2026-07-17T06:54:46+07:00 model healthy; AI mode already enabled
2026-07-17T07:04:51+07:00 model healthy; AI mode already enabled
2026-07-17T07:14:53+07:00 model healthy; AI mode already enabled
2026-07-17T07:25:01+07:00 model healthy; AI mode already enabled
2026-07-17T07:35:00+07:00 model healthy; AI mode already enabled
2026-07-17T07:44:59+07:00 model healthy; AI mode already enabled
2026-07-17T07:54:59+07:00 model healthy; AI mode already enabled
2026-07-17T08:04:59+07:00 model healthy; AI mode already enabled
2026-07-17T08:14:58+07:00 model healthy; AI mode already enabled
2026-07-17T08:25:08+07:00 model healthy; AI mode already enabled
2026-07-17T08:34:59+07:00 model healthy; AI mode already enabled
2026-07-17T08:44:59+07:00 model healthy; AI mode already enabled
2026-07-17T08:54:59+07:00 model healthy; AI mode already enabled
2026-07-17T09:04:59+07:00 model healthy; AI mode already enabled
2026-07-17T09:15:00+07:00 model healthy; AI mode already enabled
2026-07-17T09:25:05+07:00 model healthy; AI mode already enabled
2026-07-17T09:35:01+07:00 model healthy; AI mode already enabled
2026-07-17T09:45:05+07:00 model healthy; AI mode already enabled
2026-07-17T09:55:04+07:00 model healthy; AI mode already enabled
2026-07-17T10:05:08+07:00 model healthy; AI mode already enabled
2026-07-17T10:15:08+07:00 model healthy; AI mode already enabled
2026-07-17T10:25:15+07:00 model healthy; AI mode already enabled
2026-07-17T10:35:13+07:00 model healthy; AI mode already enabled
2026-07-17T10:45:15+07:00 model healthy; AI mode already enabled
2026-07-17T10:55:17+07:00 model healthy; AI mode already enabled
2026-07-17T11:05:19+07:00 model healthy; AI mode already enabled
2026-07-17T11:15:39+07:00 model healthy; AI mode already enabled
2026-07-17T11:25:29+07:00 model healthy; AI mode already enabled
2026-07-17T11:35:33+07:00 model healthy; AI mode already enabled
2026-07-17T11:45:30+07:00 model healthy; AI mode already enabled
2026-07-17T11:55:29+07:00 model healthy; AI mode already enabled
2026-07-17T12:05:33+07:00 model healthy; AI mode already enabled
2026-07-17T12:15:37+07:00 model healthy; AI mode already enabled
2026-07-17T12:25:38+07:00 model healthy; AI mode already enabled
2026-07-17T12:35:38+07:00 model healthy; AI mode already enabled
2026-07-17T12:45:39+07:00 model healthy; AI mode already enabled
2026-07-17T12:55:41+07:00 model healthy; AI mode already enabled
2026-07-17T13:05:42+07:00 model healthy; AI mode already enabled
2026-07-17T13:15:46+07:00 model healthy; AI mode already enabled
2026-07-17T13:25:55+07:00 model healthy; AI mode already enabled
2026-07-17T13:35:53+07:00 model healthy; AI mode already enabled
2026-07-17T13:45:56+07:00 model healthy; AI mode already enabled
2026-07-17T13:55:56+07:00 model healthy; AI mode already enabled
2026-07-17T14:06:00+07:00 model healthy; AI mode already enabled
2026-07-17T14:16:00+07:00 model healthy; AI mode already enabled
2026-07-17T14:26:04+07:00 model healthy; AI mode already enabled
2026-07-17T14:36:00+07:00 model healthy; AI mode already enabled
2026-07-17T14:46:01+07:00 model healthy; AI mode already enabled
2026-07-17T14:56:01+07:00 model healthy; AI mode already enabled
2026-07-17T15:06:03+07:00 model healthy; AI mode already enabled
2026-07-17T15:16:07+07:00 model healthy; AI mode already enabled
2026-07-17T15:26:16+07:00 model healthy; AI mode already enabled
2026-07-17T15:36:12+07:00 model healthy; AI mode already enabled
2026-07-17T15:46:14+07:00 model healthy; AI mode already enabled
2026-07-17T15:56:16+07:00 model healthy; AI mode already enabled
2026-07-17T16:06:19+07:00 model healthy; AI mode already enabled
2026-07-17T16:16:21+07:00 model healthy; AI mode already enabled
2026-07-17T16:26:29+07:00 model healthy; AI mode already enabled
2026-07-17T16:36:30+07:00 model healthy; AI mode already enabled
2026-07-17T16:46:30+07:00 model healthy; AI mode already enabled
2026-07-17T16:56:33+07:00 model healthy; AI mode already enabled
2026-07-17T17:06:37+07:00 model healthy; AI mode already enabled
2026-07-17T17:16:39+07:00 model healthy; AI mode already enabled
2026-07-17T17:27:07+07:00 model healthy; AI mode already enabled
2026-07-17T17:37:00+07:00 model healthy; AI mode already enabled
2026-07-17T17:46:49+07:00 model healthy; AI mode already enabled
2026-07-17T17:56:48+07:00 model healthy; AI mode already enabled
2026-07-17T18:07:03+07:00 model healthy; AI mode already enabled
2026-07-17T18:16:54+07:00 model healthy; AI mode already enabled
2026-07-17T18:27:00+07:00 model healthy; AI mode already enabled
2026-07-17T18:37:01+07:00 model healthy; AI mode already enabled
2026-07-17T18:47:00+07:00 model healthy; AI mode already enabled
2026-07-17T18:57:03+07:00 model healthy; AI mode already enabled
2026-07-17T19:07:03+07:00 model healthy; AI mode already enabled
2026-07-17T19:17:05+07:00 model healthy; AI mode already enabled
2026-07-17T19:27:07+07:00 model healthy; AI mode already enabled
2026-07-17T19:37:03+07:00 model healthy; AI mode already enabled
2026-07-17T19:47:20+07:00 model healthy; AI mode already enabled
2026-07-17T19:57:08+07:00 model healthy; AI mode already enabled
2026-07-17T20:07:09+07:00 model healthy; AI mode already enabled
2026-07-17T20:17:20+07:00 model healthy; AI mode already enabled
2026-07-17T20:27:14+07:00 model healthy; AI mode already enabled
2026-07-17T20:37:15+07:00 model healthy; AI mode already enabled
2026-07-17T20:47:18+07:00 model healthy; AI mode already enabled
2026-07-17T20:57:21+07:00 model healthy; AI mode already enabled
2026-07-17T21:07:25+07:00 model healthy; AI mode already enabled
2026-07-17T21:17:33+07:00 model healthy; AI mode already enabled
2026-07-17T21:27:34+07:00 model healthy; AI mode already enabled
2026-07-17T21:37:35+07:00 model healthy; AI mode already enabled
2026-07-17T21:47:35+07:00 model healthy; AI mode already enabled
2026-07-17T21:57:39+07:00 model healthy; AI mode already enabled
2026-07-17T22:07:40+07:00 model healthy; AI mode already enabled
2026-07-17T22:17:49+07:00 model healthy; AI mode already enabled
2026-07-17T22:27:42+07:00 model healthy; AI mode already enabled
2026-07-17T22:37:42+07:00 model healthy; AI mode already enabled
2026-07-17T22:47:47+07:00 model healthy; AI mode already enabled
2026-07-17T22:57:52+07:00 model healthy; AI mode already enabled
2026-07-17T23:07:55+07:00 model healthy; AI mode already enabled
2026-07-17T23:17:58+07:00 model healthy; AI mode already enabled
2026-07-17T23:27:57+07:00 model healthy; AI mode already enabled
2026-07-17T23:38:03+07:00 model healthy; AI mode already enabled
2026-07-17T23:48:00+07:00 model healthy; AI mode already enabled
2026-07-17T23:58:02+07:00 model healthy; AI mode already enabled
2026-07-18T00:08:08+07:00 model healthy; AI mode already enabled
2026-07-18T00:18:15+07:00 model healthy; AI mode already enabled
2026-07-18T00:28:08+07:00 model healthy; AI mode already enabled
2026-07-18T00:38:09+07:00 model healthy; AI mode already enabled
2026-07-18T00:48:11+07:00 model healthy; AI mode already enabled
2026-07-18T00:58:13+07:00 model healthy; AI mode already enabled
2026-07-18T01:08:15+07:00 model healthy; AI mode already enabled
2026-07-18T01:18:23+07:00 model healthy; AI mode already enabled
2026-07-18T01:28:31+07:00 model healthy; AI mode already enabled
2026-07-18T01:38:25+07:00 model healthy; AI mode already enabled
2026-07-18T01:48:29+07:00 model healthy; AI mode already enabled
2026-07-18T01:58:33+07:00 model healthy; AI mode already enabled
2026-07-18T02:08:39+07:00 model healthy; AI mode already enabled
2026-07-18T02:18:42+07:00 model healthy; AI mode already enabled
2026-07-18T02:28:40+07:00 model healthy; AI mode already enabled
2026-07-18T02:38:44+07:00 model healthy; AI mode already enabled
2026-07-18T02:48:47+07:00 model healthy; AI mode already enabled
2026-07-18T02:58:53+07:00 model healthy; AI mode already enabled
2026-07-18T03:08:55+07:00 model healthy; AI mode already enabled
2026-07-18T03:18:59+07:00 model healthy; AI mode already enabled
2026-07-18T03:29:02+07:00 model healthy; AI mode already enabled
2026-07-18T03:39:02+07:00 model healthy; AI mode already enabled
2026-07-18T03:49:01+07:00 model healthy; AI mode already enabled
2026-07-18T03:59:04+07:00 model healthy; AI mode already enabled
2026-07-18T04:09:10+07:00 model healthy; AI mode already enabled
2026-07-18T04:19:15+07:00 model healthy; AI mode already enabled
2026-07-18T04:29:11+07:00 model healthy; AI mode already enabled
2026-07-18T04:39:16+07:00 model healthy; AI mode already enabled
2026-07-18T04:49:18+07:00 model healthy; AI mode already enabled
2026-07-18T04:59:23+07:00 model healthy; AI mode already enabled
2026-07-18T05:09:27+07:00 model healthy; AI mode already enabled
2026-07-18T05:19:33+07:00 model healthy; AI mode already enabled
2026-07-18T05:29:34+07:00 model healthy; AI mode already enabled
2026-07-18T05:39:38+07:00 model healthy; AI mode already enabled
2026-07-18T05:49:42+07:00 model healthy; AI mode already enabled
2026-07-18T05:59:46+07:00 model healthy; AI mode already enabled
2026-07-18T06:09:51+07:00 model healthy; AI mode already enabled
2026-07-18T06:19:56+07:00 model healthy; AI mode already enabled
2026-07-18T06:29:58+07:00 model healthy; AI mode already enabled
2026-07-18T06:40:01+07:00 model healthy; AI mode already enabled
2026-07-18T06:50:09+07:00 model healthy; AI mode already enabled
2026-07-18T07:00:06+07:00 model healthy; AI mode already enabled
2026-07-18T07:10:10+07:00 model healthy; AI mode already enabled
2026-07-18T07:20:16+07:00 model healthy; AI mode already enabled
2026-07-18T07:30:12+07:00 model healthy; AI mode already enabled
2026-07-18T07:40:12+07:00 model healthy; AI mode already enabled
2026-07-18T07:50:13+07:00 model healthy; AI mode already enabled
2026-07-18T08:00:15+07:00 model healthy; AI mode already enabled
2026-07-18T08:10:19+07:00 model healthy; AI mode already enabled
2026-07-18T08:20:25+07:00 model healthy; AI mode already enabled
2026-07-18T08:30:22+07:00 model healthy; AI mode already enabled
2026-07-18T08:40:28+07:00 model healthy; AI mode already enabled
2026-07-18T08:50:30+07:00 model healthy; AI mode already enabled
2026-07-18T09:00:31+07:00 model healthy; AI mode already enabled
2026-07-18T09:10:33+07:00 model healthy; AI mode already enabled
2026-07-18T09:20:42+07:00 model healthy; AI mode already enabled
2026-07-18T09:30:33+07:00 model healthy; AI mode already enabled
2026-07-18T09:40:39+07:00 model healthy; AI mode already enabled
2026-07-18T09:50:40+07:00 model healthy; AI mode already enabled
2026-07-18T10:00:41+07:00 model healthy; AI mode already enabled
2026-07-18T10:10:46+07:00 model healthy; AI mode already enabled
2026-07-18T10:20:53+07:00 model healthy; AI mode already enabled
2026-07-18T10:30:51+07:00 model healthy; AI mode already enabled
2026-07-18T10:40:52+07:00 model healthy; AI mode already enabled
2026-07-18T10:51:11+07:00 model healthy; AI mode already enabled
2026-07-18T11:01:01+07:00 model healthy; AI mode already enabled
2026-07-18T11:11:02+07:00 model healthy; AI mode already enabled
2026-07-18T11:21:03+07:00 model healthy; AI mode already enabled
2026-07-18T11:31:08+07:00 model healthy; AI mode already enabled
2026-07-18T11:41:07+07:00 model healthy; AI mode already enabled
2026-07-18T11:51:07+07:00 model healthy; AI mode already enabled
2026-07-18T12:01:09+07:00 model healthy; AI mode already enabled
2026-07-18T12:11:11+07:00 model healthy; AI mode already enabled
2026-07-18T12:21:21+07:00 model healthy; AI mode already enabled
2026-07-18T12:31:12+07:00 model healthy; AI mode already enabled
2026-07-18T12:41:16+07:00 model healthy; AI mode already enabled
2026-07-18T12:51:18+07:00 model healthy; AI mode already enabled
2026-07-18T13:01:19+07:00 model healthy; AI mode already enabled
2026-07-18T13:11:21+07:00 model healthy; AI mode already enabled
2026-07-18T13:21:28+07:00 model healthy; AI mode already enabled
2026-07-18T13:31:28+07:00 model healthy; AI mode already enabled
2026-07-18T13:41:32+07:00 model healthy; AI mode already enabled
2026-07-18T13:51:37+07:00 model healthy; AI mode already enabled
2026-07-18T14:01:42+07:00 model healthy; AI mode already enabled
2026-07-18T14:11:46+07:00 model healthy; AI mode already enabled
2026-07-18T14:21:50+07:00 model healthy; AI mode already enabled
2026-07-18T14:31:52+07:00 model healthy; AI mode already enabled
2026-07-18T14:41:53+07:00 model healthy; AI mode already enabled
2026-07-18T14:51:58+07:00 model healthy; AI mode already enabled
2026-07-18T15:02:01+07:00 model healthy; AI mode already enabled
2026-07-18T15:12:03+07:00 model healthy; AI mode already enabled
2026-07-18T15:22:02+07:00 model healthy; AI mode already enabled
2026-07-18T15:32:04+07:00 model healthy; AI mode already enabled
2026-07-18T15:42:07+07:00 model healthy; AI mode already enabled
2026-07-18T15:52:07+07:00 model healthy; AI mode already enabled
2026-07-18T16:02:11+07:00 model healthy; AI mode already enabled
2026-07-18T16:12:12+07:00 model healthy; AI mode already enabled
2026-07-18T16:22:20+07:00 model healthy; AI mode already enabled
2026-07-18T16:32:22+07:00 model healthy; AI mode already enabled
2026-07-18T16:42:26+07:00 model healthy; AI mode already enabled
2026-07-18T16:52:29+07:00 model healthy; AI mode already enabled
2026-07-18T17:02:32+07:00 model healthy; AI mode already enabled
2026-07-18T17:12:38+07:00 model healthy; AI mode already enabled
2026-07-18T17:22:42+07:00 model healthy; AI mode already enabled
2026-07-18T17:32:42+07:00 model healthy; AI mode already enabled
2026-07-18T17:42:43+07:00 model healthy; AI mode already enabled
2026-07-18T17:52:47+07:00 model healthy; AI mode already enabled
2026-07-18T18:02:52+07:00 model healthy; AI mode already enabled
2026-07-18T18:12:55+07:00 model healthy; AI mode already enabled
2026-07-18T18:23:03+07:00 model healthy; AI mode already enabled
2026-07-18T18:33:02+07:00 model healthy; AI mode already enabled
2026-07-18T18:43:17+07:00 model healthy; AI mode already enabled
2026-07-18T18:53:04+07:00 model healthy; AI mode already enabled
2026-07-18T19:03:09+07:00 model healthy; AI mode already enabled
2026-07-18T19:13:20+07:00 model healthy; AI mode already enabled
2026-07-18T19:23:14+07:00 model healthy; AI mode already enabled
2026-07-18T19:33:15+07:00 model healthy; AI mode already enabled
2026-07-18T19:43:21+07:00 model healthy; AI mode already enabled
2026-07-18T19:53:23+07:00 model healthy; AI mode already enabled
2026-07-18T20:03:29+07:00 model healthy; AI mode already enabled
2026-07-18T20:13:28+07:00 model healthy; AI mode already enabled
2026-07-18T20:23:29+07:00 model healthy; AI mode already enabled
2026-07-18T20:33:33+07:00 model healthy; AI mode already enabled
2026-07-18T20:43:36+07:00 model healthy; AI mode already enabled
2026-07-18T20:53:37+07:00 model healthy; AI mode already enabled
2026-07-18T21:03:42+07:00 model healthy; AI mode already enabled
2026-07-18T21:13:47+07:00 model healthy; AI mode already enabled
2026-07-18T21:23:46+07:00 model healthy; AI mode already enabled
2026-07-18T21:33:47+07:00 model healthy; AI mode already enabled
2026-07-18T21:43:47+07:00 model healthy; AI mode already enabled
2026-07-18T21:53:51+07:00 model healthy; AI mode already enabled
2026-07-18T22:03:53+07:00 model healthy; AI mode already enabled
2026-07-18T22:13:57+07:00 model healthy; AI mode already enabled
2026-07-18T22:23:55+07:00 model healthy; AI mode already enabled
2026-07-18T22:33:57+07:00 model healthy; AI mode already enabled
2026-07-18T22:43:59+07:00 model healthy; AI mode already enabled
2026-07-18T22:54:02+07:00 model healthy; AI mode already enabled
2026-07-18T23:04:03+07:00 model healthy; AI mode already enabled
2026-07-18T23:14:07+07:00 model healthy; AI mode already enabled
2026-07-18T23:24:16+07:00 model healthy; AI mode already enabled
2026-07-18T23:34:12+07:00 model healthy; AI mode already enabled
2026-07-18T23:44:11+07:00 model healthy; AI mode already enabled
2026-07-18T23:54:18+07:00 model healthy; AI mode already enabled
2026-07-19T00:04:18+07:00 model healthy; AI mode already enabled
2026-07-19T00:14:18+07:00 model healthy; AI mode already enabled
2026-07-19T00:24:24+07:00 model healthy; AI mode already enabled
2026-07-19T00:34:24+07:00 model healthy; AI mode already enabled
2026-07-19T00:44:28+07:00 model healthy; AI mode already enabled
2026-07-19T00:54:32+07:00 model healthy; AI mode already enabled
2026-07-19T01:04:35+07:00 model healthy; AI mode already enabled
2026-07-19T01:14:41+07:00 model healthy; AI mode already enabled
2026-07-19T01:24:44+07:00 model healthy; AI mode already enabled
2026-07-19T01:34:44+07:00 model healthy; AI mode already enabled
2026-07-19T01:44:50+07:00 model healthy; AI mode already enabled
2026-07-19T01:54:49+07:00 model healthy; AI mode already enabled
2026-07-19T02:04:52+07:00 model healthy; AI mode already enabled
2026-07-19T02:14:51+07:00 model healthy; AI mode already enabled
2026-07-19T02:24:58+07:00 model healthy; AI mode already enabled
2026-07-19T02:34:56+07:00 model healthy; AI mode already enabled
2026-07-19T02:44:54+07:00 model healthy; AI mode already enabled
2026-07-19T02:54:54+07:00 model healthy; AI mode already enabled
2026-07-19T03:05:03+07:00 model healthy; AI mode already enabled
2026-07-19T03:15:06+07:00 model healthy; AI mode already enabled
2026-07-19T03:25:15+07:00 model healthy; AI mode already enabled
2026-07-19T03:35:06+07:00 model healthy; AI mode already enabled
2026-07-19T03:45:16+07:00 model healthy; AI mode already enabled
2026-07-19T03:55:13+07:00 model healthy; AI mode already enabled
2026-07-19T04:05:13+07:00 model healthy; AI mode already enabled
2026-07-19T04:15:24+07:00 model healthy; AI mode already enabled
2026-07-19T04:25:26+07:00 model healthy; AI mode already enabled
2026-07-19T04:35:16+07:00 model healthy; AI mode already enabled
2026-07-19T04:45:15+07:00 model healthy; AI mode already enabled
2026-07-19T04:55:15+07:00 model healthy; AI mode already enabled
2026-07-19T05:05:16+07:00 model healthy; AI mode already enabled
2026-07-19T05:15:17+07:00 model healthy; AI mode already enabled
2026-07-19T05:25:24+07:00 model healthy; AI mode already enabled
2026-07-19T05:35:18+07:00 model healthy; AI mode already enabled
2026-07-19T05:45:18+07:00 model healthy; AI mode already enabled
2026-07-19T05:55:21+07:00 model healthy; AI mode already enabled
2026-07-19T06:05:28+07:00 model healthy; AI mode already enabled
2026-07-19T06:15:27+07:00 model healthy; AI mode already enabled
2026-07-19T06:25:29+07:00 model healthy; AI mode already enabled
2026-07-19T06:35:28+07:00 model healthy; AI mode already enabled
2026-07-19T06:45:30+07:00 model healthy; AI mode already enabled
2026-07-19T06:55:33+07:00 model healthy; AI mode already enabled
2026-07-19T07:05:39+07:00 model healthy; AI mode already enabled
2026-07-19T07:15:40+07:00 model healthy; AI mode already enabled
2026-07-19T07:25:40+07:00 model healthy; AI mode already enabled
2026-07-19T07:35:42+07:00 model healthy; AI mode already enabled
2026-07-19T07:45:45+07:00 model healthy; AI mode already enabled
2026-07-19T07:55:52+07:00 model healthy; AI mode already enabled
2026-07-19T08:05:53+07:00 model healthy; AI mode already enabled
2026-07-19T08:15:54+07:00 model healthy; AI mode already enabled
2026-07-19T08:25:59+07:00 model healthy; AI mode already enabled
2026-07-19T08:35:59+07:00 model healthy; AI mode already enabled
2026-07-19T08:46:01+07:00 model healthy; AI mode already enabled
2026-07-19T08:56:00+07:00 model healthy; AI mode already enabled
2026-07-19T09:06:06+07:00 model healthy; AI mode already enabled
2026-07-19T09:16:06+07:00 model healthy; AI mode already enabled
2026-07-19T09:26:11+07:00 model healthy; AI mode already enabled
2026-07-19T09:36:09+07:00 model healthy; AI mode already enabled
2026-07-19T09:46:06+07:00 model healthy; AI mode already enabled
2026-07-19T09:56:08+07:00 model healthy; AI mode already enabled
2026-07-19T10:06:10+07:00 model healthy; AI mode already enabled
2026-07-19T10:16:12+07:00 model healthy; AI mode already enabled
2026-07-19T10:26:12+07:00 model healthy; AI mode already enabled
2026-07-19T10:36:12+07:00 model healthy; AI mode already enabled
2026-07-19T10:46:13+07:00 model healthy; AI mode already enabled
2026-07-19T10:56:14+07:00 model healthy; AI mode already enabled
2026-07-19T11:06:19+07:00 model healthy; AI mode already enabled
2026-07-19T11:16:19+07:00 model healthy; AI mode already enabled
2026-07-19T11:26:23+07:00 model healthy; AI mode already enabled
2026-07-19T11:36:27+07:00 model healthy; AI mode already enabled
2026-07-19T11:46:31+07:00 model healthy; AI mode already enabled
2026-07-19T11:56:33+07:00 model healthy; AI mode already enabled
2026-07-19T12:06:33+07:00 model healthy; AI mode already enabled
2026-07-19T12:16:33+07:00 model healthy; AI mode already enabled
2026-07-19T12:26:36+07:00 model healthy; AI mode already enabled
2026-07-19T12:36:39+07:00 model healthy; AI mode already enabled
2026-07-19T12:46:42+07:00 model healthy; AI mode already enabled
2026-07-19T12:56:42+07:00 model healthy; AI mode already enabled
2026-07-19T13:06:45+07:00 model healthy; AI mode already enabled
2026-07-19T13:16:47+07:00 model healthy; AI mode already enabled
2026-07-19T13:26:53+07:00 model healthy; AI mode already enabled
2026-07-19T13:36:55+07:00 model healthy; AI mode already enabled
2026-07-19T13:46:58+07:00 model healthy; AI mode already enabled
2026-07-19T13:56:57+07:00 model healthy; AI mode already enabled
2026-07-19T14:07:02+07:00 model healthy; AI mode already enabled
2026-07-19T14:17:03+07:00 model healthy; AI mode already enabled
2026-07-19T14:27:03+07:00 model healthy; AI mode already enabled
2026-07-19T14:37:04+07:00 model healthy; AI mode already enabled
2026-07-19T14:47:08+07:00 model healthy; AI mode already enabled
2026-07-19T14:57:09+07:00 model healthy; AI mode already enabled
2026-07-19T15:07:12+07:00 model healthy; AI mode already enabled
2026-07-19T15:17:34+07:00 model healthy; AI mode already enabled
2026-07-19T15:27:11+07:00 model healthy; AI mode already enabled
2026-07-19T15:37:12+07:00 model healthy; AI mode already enabled
2026-07-19T15:47:22+07:00 model healthy; AI mode already enabled
2026-07-19T15:57:12+07:00 model healthy; AI mode already enabled
2026-07-19T16:07:10+07:00 model healthy; AI mode already enabled
2026-07-19T16:17:20+07:00 model healthy; AI mode already enabled
2026-07-19T16:27:11+07:00 model healthy; AI mode already enabled
2026-07-19T16:37:22+07:00 model healthy; AI mode already enabled
2026-07-19T16:47:10+07:00 model healthy; AI mode already enabled
2026-07-19T16:57:13+07:00 model healthy; AI mode already enabled
2026-07-19T17:07:12+07:00 model healthy; AI mode already enabled
2026-07-19T17:17:22+07:00 model healthy; AI mode already enabled
2026-07-19T17:27:12+07:00 model healthy; AI mode already enabled
2026-07-19T17:37:11+07:00 model healthy; AI mode already enabled
2026-07-19T17:47:12+07:00 model healthy; AI mode already enabled
2026-07-19T17:57:12+07:00 model healthy; AI mode already enabled
2026-07-19T18:07:13+07:00 model healthy; AI mode already enabled
2026-07-19T18:17:29+07:00 model healthy; AI mode already enabled
2026-07-19T18:27:13+07:00 model healthy; AI mode already enabled
2026-07-19T18:37:16+07:00 model healthy; AI mode already enabled
2026-07-19T18:47:16+07:00 model healthy; AI mode already enabled
2026-07-19T18:57:15+07:00 model healthy; AI mode already enabled
2026-07-19T19:07:21+07:00 model healthy; AI mode already enabled
2026-07-19T19:17:34+07:00 model healthy; AI mode already enabled
2026-07-19T19:27:39+07:00 model healthy; AI mode already enabled
2026-07-19T19:37:27+07:00 model healthy; AI mode already enabled
2026-07-19T19:47:32+07:00 model healthy; AI mode already enabled
2026-07-19T19:57:36+07:00 model healthy; AI mode already enabled
2026-07-19T20:07:39+07:00 model healthy; AI mode already enabled
2026-07-19T20:17:54+07:00 model healthy; AI mode already enabled
2026-07-19T20:27:42+07:00 model healthy; AI mode already enabled
2026-07-19T20:38:02+07:00 model healthy; AI mode already enabled
2026-07-19T20:47:50+07:00 model healthy; AI mode already enabled
2026-07-19T20:57:52+07:00 model healthy; AI mode already enabled
2026-07-19T21:07:53+07:00 model healthy; AI mode already enabled
2026-07-19T21:18:01+07:00 model healthy; AI mode already enabled
2026-07-19T21:27:57+07:00 model healthy; AI mode already enabled
2026-07-19T21:38:03+07:00 model healthy; AI mode already enabled
2026-07-19T21:48:04+07:00 model healthy; AI mode already enabled
2026-07-19T21:58:06+07:00 model healthy; AI mode already enabled
2026-07-19T22:08:07+07:00 model healthy; AI mode already enabled
2026-07-19T22:18:20+07:00 model healthy; AI mode already enabled
2026-07-19T22:28:11+07:00 model healthy; AI mode already enabled
2026-07-19T22:38:13+07:00 model healthy; AI mode already enabled
2026-07-19T22:48:13+07:00 model healthy; AI mode already enabled
2026-07-19T22:58:18+07:00 model healthy; AI mode already enabled
2026-07-19T23:08:22+07:00 model healthy; AI mode already enabled
2026-07-19T23:18:33+07:00 model healthy; AI mode already enabled
2026-07-19T23:28:30+07:00 model healthy; AI mode already enabled
2026-07-19T23:38:32+07:00 model healthy; AI mode already enabled
2026-07-19T23:48:33+07:00 model healthy; AI mode already enabled
2026-07-19T23:58:36+07:00 model healthy; AI mode already enabled
2026-07-20T00:08:40+07:00 model healthy; AI mode already enabled
2026-07-20T00:18:54+07:00 model healthy; AI mode already enabled
2026-07-20T00:28:49+07:00 model healthy; AI mode already enabled
2026-07-20T00:38:53+07:00 model healthy; AI mode already enabled
2026-07-20T00:48:56+07:00 model healthy; AI mode already enabled
2026-07-20T00:58:59+07:00 model healthy; AI mode already enabled
2026-07-20T01:08:59+07:00 model healthy; AI mode already enabled
2026-07-20T01:19:07+07:00 model healthy; AI mode already enabled
2026-07-20T01:29:02+07:00 model healthy; AI mode already enabled
2026-07-20T01:39:07+07:00 model healthy; AI mode already enabled
2026-07-20T01:49:11+07:00 model healthy; AI mode already enabled
2026-07-20T01:59:11+07:00 model healthy; AI mode already enabled
2026-07-20T02:09:14+07:00 model healthy; AI mode already enabled
2026-07-20T02:19:19+07:00 model healthy; AI mode already enabled
2026-07-20T02:29:16+07:00 model healthy; AI mode already enabled
2026-07-20T02:39:15+07:00 model healthy; AI mode already enabled
2026-07-20T02:49:22+07:00 model healthy; AI mode already enabled
2026-07-20T02:59:37+07:00 model healthy; AI mode already enabled
2026-07-20T03:09:27+07:00 model healthy; AI mode already enabled
2026-07-20T03:19:29+07:00 model healthy; AI mode already enabled
2026-07-20T03:29:32+07:00 model healthy; AI mode already enabled
2026-07-20T03:39:34+07:00 model healthy; AI mode already enabled
2026-07-20T03:49:39+07:00 model healthy; AI mode already enabled
2026-07-20T03:59:43+07:00 model healthy; AI mode already enabled
2026-07-20T04:09:47+07:00 model healthy; AI mode already enabled
2026-07-20T04:19:54+07:00 model healthy; AI mode already enabled
2026-07-20T04:29:55+07:00 model healthy; AI mode already enabled
2026-07-20T04:39:59+07:00 model healthy; AI mode already enabled
2026-07-20T04:50:03+07:00 model healthy; AI mode already enabled
2026-07-20T05:00:09+07:00 model healthy; AI mode already enabled
2026-07-20T05:10:07+07:00 model healthy; AI mode already enabled
2026-07-20T05:20:13+07:00 model healthy; AI mode already enabled
2026-07-20T05:30:12+07:00 model healthy; AI mode already enabled
2026-07-20T05:40:11+07:00 model healthy; AI mode already enabled
2026-07-20T05:50:13+07:00 model healthy; AI mode already enabled
2026-07-20T06:00:13+07:00 model healthy; AI mode already enabled
2026-07-20T06:10:12+07:00 model healthy; AI mode already enabled
2026-07-20T06:20:19+07:00 model healthy; AI mode already enabled
2026-07-20T06:30:13+07:00 model healthy; AI mode already enabled
2026-07-20T06:40:13+07:00 model healthy; AI mode already enabled
2026-07-20T06:50:14+07:00 model healthy; AI mode already enabled
2026-07-20T07:00:18+07:00 model healthy; AI mode already enabled
2026-07-20T07:10:17+07:00 model healthy; AI mode already enabled
2026-07-20T07:20:24+07:00 model healthy; AI mode already enabled
2026-07-20T07:30:24+07:00 model healthy; AI mode already enabled
2026-07-20T07:40:25+07:00 model healthy; AI mode already enabled
2026-07-20T07:50:28+07:00 model healthy; AI mode already enabled
2026-07-20T08:00:33+07:00 model healthy; AI mode already enabled
2026-07-20T08:10:36+07:00 model healthy; AI mode already enabled
2026-07-20T08:20:44+07:00 model healthy; AI mode already enabled
2026-07-20T08:30:45+07:00 model healthy; AI mode already enabled
2026-07-20T08:40:48+07:00 model healthy; AI mode already enabled
2026-07-20T08:50:52+07:00 model healthy; AI mode already enabled
2026-07-20T09:00:55+07:00 model healthy; AI mode already enabled
2026-07-20T09:11:00+07:00 model healthy; AI mode already enabled
2026-07-20T09:21:08+07:00 model healthy; AI mode already enabled
2026-07-20T09:31:09+07:00 model healthy; AI mode already enabled
2026-07-20T09:41:20+07:00 model healthy; AI mode already enabled
2026-07-20T09:51:11+07:00 model healthy; AI mode already enabled
2026-07-20T10:01:11+07:00 model healthy; AI mode already enabled
2026-07-20T10:11:20+07:00 model healthy; AI mode already enabled
2026-07-20T10:21:17+07:00 model healthy; AI mode already enabled
2026-07-20T10:31:16+07:00 model healthy; AI mode already enabled
2026-07-20T10:41:17+07:00 model healthy; AI mode already enabled
2026-07-20T10:51:17+07:00 model healthy; AI mode already enabled
2026-07-20T11:01:17+07:00 model healthy; AI mode already enabled
2026-07-20T11:11:16+07:00 model healthy; AI mode already enabled
2026-07-20T11:21:26+07:00 model healthy; AI mode already enabled
2026-07-20T11:31:29+07:00 model healthy; AI mode already enabled
2026-07-20T11:41:29+07:00 model healthy; AI mode already enabled
2026-07-20T11:51:34+07:00 model healthy; AI mode already enabled
2026-07-20T12:01:37+07:00 model healthy; AI mode already enabled
2026-07-20T12:11:40+07:00 model healthy; AI mode already enabled
2026-07-20T12:21:46+07:00 model healthy; AI mode already enabled
2026-07-20T12:31:49+07:00 model healthy; AI mode already enabled
2026-07-20T12:41:54+07:00 model healthy; AI mode already enabled
2026-07-20T12:51:55+07:00 model healthy; AI mode already enabled
2026-07-20T13:01:55+07:00 model healthy; AI mode already enabled
2026-07-20T13:12:03+07:00 model healthy; AI mode already enabled
2026-07-20T13:22:11+07:00 model healthy; AI mode already enabled
2026-07-20T13:32:04+07:00 model healthy; AI mode already enabled
2026-07-20T13:42:08+07:00 model healthy; AI mode already enabled
2026-07-20T13:52:13+07:00 model healthy; AI mode already enabled
2026-07-20T14:02:16+07:00 model healthy; AI mode already enabled
2026-07-20T14:12:18+07:00 model healthy; AI mode already enabled
2026-07-20T14:22:20+07:00 model healthy; AI mode already enabled
2026-07-20T14:32:18+07:00 model healthy; AI mode already enabled
2026-07-20T14:42:18+07:00 model healthy; AI mode already enabled
2026-07-20T14:52:20+07:00 model healthy; AI mode already enabled
2026-07-20T15:02:24+07:00 model healthy; AI mode already enabled
2026-07-20T15:12:27+07:00 model healthy; AI mode already enabled
2026-07-20T15:22:32+07:00 model healthy; AI mode already enabled
2026-07-20T15:32:34+07:00 model healthy; AI mode already enabled
2026-07-20T15:42:36+07:00 model healthy; AI mode already enabled
2026-07-20T15:52:46+07:00 model healthy; AI mode already enabled
2026-07-20T16:02:44+07:00 model healthy; AI mode already enabled
2026-07-20T16:12:48+07:00 model healthy; AI mode already enabled
2026-07-20T16:22:52+07:00 model healthy; AI mode already enabled
2026-07-20T16:32:58+07:00 model healthy; AI mode already enabled
2026-07-20T16:43:01+07:00 model healthy; AI mode already enabled
2026-07-20T16:53:05+07:00 model healthy; AI mode already enabled
2026-07-20T17:03:09+07:00 model healthy; AI mode already enabled
2026-07-20T17:13:12+07:00 model healthy; AI mode already enabled
2026-07-20T17:23:15+07:00 model healthy; AI mode already enabled
2026-07-20T17:33:16+07:00 model healthy; AI mode already enabled
2026-07-20T17:43:15+07:00 model healthy; AI mode already enabled
2026-07-20T17:53:18+07:00 model healthy; AI mode already enabled
2026-07-20T18:03:19+07:00 model healthy; AI mode already enabled
2026-07-20T18:13:18+07:00 model healthy; AI mode already enabled
2026-07-20T18:23:21+07:00 model healthy; AI mode already enabled
2026-07-20T18:33:28+07:00 model healthy; AI mode already enabled
2026-07-20T18:43:18+07:00 model healthy; AI mode already enabled
2026-07-20T18:53:19+07:00 model healthy; AI mode already enabled
2026-07-20T19:03:25+07:00 model healthy; AI mode already enabled
2026-07-20T19:13:29+07:00 model healthy; AI mode already enabled
2026-07-20T19:23:30+07:00 model healthy; AI mode already enabled
2026-07-20T19:33:36+07:00 model healthy; AI mode already enabled
2026-07-20T19:43:55+07:00 model healthy; AI mode already enabled
2026-07-20T19:53:35+07:00 model healthy; AI mode already enabled
2026-07-20T20:03:39+07:00 model healthy; AI mode already enabled
2026-07-20T20:13:44+07:00 model healthy; AI mode already enabled
2026-07-20T20:23:50+07:00 model healthy; AI mode already enabled
2026-07-20T20:33:49+07:00 model healthy; AI mode already enabled
2026-07-20T20:43:54+07:00 model healthy; AI mode already enabled
2026-07-20T20:53:54+07:00 model healthy; AI mode already enabled
2026-07-20T21:03:59+07:00 model healthy; AI mode already enabled
2026-07-20T21:14:02+07:00 model healthy; AI mode already enabled
2026-07-20T21:24:04+07:00 model healthy; AI mode already enabled
2026-07-20T21:34:05+07:00 model healthy; AI mode already enabled
2026-07-20T21:44:07+07:00 model healthy; AI mode already enabled
2026-07-20T21:54:13+07:00 model healthy; AI mode already enabled
2026-07-20T22:04:11+07:00 model healthy; AI mode already enabled
2026-07-20T22:14:11+07:00 model healthy; AI mode already enabled
2026-07-20T22:24:30+07:00 model healthy; AI mode already enabled
2026-07-20T22:34:15+07:00 model healthy; AI mode already enabled
2026-07-20T22:44:19+07:00 model healthy; AI mode already enabled
2026-07-20T22:54:23+07:00 model healthy; AI mode already enabled
2026-07-20T23:04:26+07:00 model healthy; AI mode already enabled
2026-07-20T23:14:29+07:00 model healthy; AI mode already enabled
2026-07-20T23:24:36+07:00 model healthy; AI mode already enabled
2026-07-20T23:34:33+07:00 model healthy; AI mode already enabled
2026-07-20T23:44:38+07:00 model healthy; AI mode already enabled
2026-07-20T23:54:41+07:00 model healthy; AI mode already enabled
2026-07-21T00:04:48+07:00 model healthy; AI mode already enabled
2026-07-21T00:14:48+07:00 model healthy; AI mode already enabled
2026-07-21T00:24:56+07:00 model healthy; AI mode already enabled
2026-07-21T00:34:59+07:00 model healthy; AI mode already enabled
2026-07-21T00:45:02+07:00 model healthy; AI mode already enabled
2026-07-21T00:55:07+07:00 model healthy; AI mode already enabled
2026-07-21T01:05:09+07:00 model healthy; AI mode already enabled
2026-07-21T01:15:14+07:00 model healthy; AI mode already enabled
2026-07-21T01:25:16+07:00 model healthy; AI mode already enabled
2026-07-21T01:35:14+07:00 model healthy; AI mode already enabled
2026-07-21T01:45:18+07:00 model healthy; AI mode already enabled
2026-07-21T01:55:20+07:00 model healthy; AI mode already enabled
